<?xml version="1.0" encoding="UTF-8"?>
<!-- Generated by org.testng.reporters.JUnitReportReporter -->
<testsuite ignored="0" hostname="DESKTOP-ITT84LQ" failures="0" tests="2" name="com.experitest.auto.AndroidDemoTest" time="0.004" errors="1" timestamp="27 Feb 2020 06:59:47 GMT" skipped="1">
  <testcase classname="com.experitest.auto.AndroidDemoTest" name="test" time="0.004">
    <skipped/>
  </testcase> <!-- test -->
  <testcase classname="com.experitest.auto.AndroidDemoTest" name="setUp" time="0.000">
    <error message="Failed to get response from server. The method lockDeviceForExecution failed with error org.apache.http.client.ClientProtocolException: &#039;URI does not specify a valid host name: http://:80/api/v1/grid/wait-for-device&#039;" type="com.experitest.client.InternalException">
      <![CDATA[com.experitest.client.InternalException: Failed to get response from server. The method lockDeviceForExecution failed with error org.apache.http.client.ClientProtocolException: 'URI does not specify a valid host name: http://:80/api/v1/grid/wait-for-device'
	at com.experitest.client.GridClient.lockDeviceForExecution(GridClient.java:433)
	at com.experitest.client.GridClient.lockDeviceForExecution(GridClient.java:230)
	at com.experitest.auto.BaseTest.init(BaseTest.java:36)
	at com.experitest.auto.AndroidDemoTest.setUp(AndroidDemoTest.java:14)
	at java.base/jdk.internal.reflect.NativeMethodAccessorImpl.invoke0(Native Method)
	at java.base/jdk.internal.reflect.NativeMethodAccessorImpl.invoke(NativeMethodAccessorImpl.java:62)
	at java.base/jdk.internal.reflect.DelegatingMethodAccessorImpl.invoke(DelegatingMethodAccessorImpl.java:43)
	at java.base/java.lang.reflect.Method.invoke(Method.java:567)
	at org.testng.internal.MethodInvocationHelper.invokeMethod(MethodInvocationHelper.java:104)
	at org.testng.internal.Invoker.invokeConfigurationMethod(Invoker.java:515)
	at org.testng.internal.Invoker.invokeConfigurations(Invoker.java:217)
	at org.testng.internal.Invoker.invokeMethod(Invoker.java:590)
	at org.testng.internal.Invoker.invokeTestMethod(Invoker.java:851)
	at org.testng.internal.Invoker.invokeTestMethods(Invoker.java:1177)
	at org.testng.internal.TestMethodWorker.invokeTestMethods(TestMethodWorker.java:129)
	at org.testng.internal.TestMethodWorker.run(TestMethodWorker.java:112)
	at org.testng.TestRunner.privateRun(TestRunner.java:756)
	at org.testng.TestRunner.run(TestRunner.java:610)
	at org.testng.SuiteRunner.runTest(SuiteRunner.java:387)
	at org.testng.SuiteRunner.runSequentially(SuiteRunner.java:382)
	at org.testng.SuiteRunner.privateRun(SuiteRunner.java:340)
	at org.testng.SuiteRunner.run(SuiteRunner.java:289)
	at org.testng.SuiteRunnerWorker.runSuite(SuiteRunnerWorker.java:52)
	at org.testng.SuiteRunnerWorker.run(SuiteRunnerWorker.java:86)
	at org.testng.TestNG.runSuitesSequentially(TestNG.java:1293)
	at org.testng.TestNG.runSuitesLocally(TestNG.java:1218)
	at org.testng.TestNG.runSuites(TestNG.java:1133)
	at org.testng.TestNG.run(TestNG.java:1104)
	at org.testng.remote.AbstractRemoteTestNG.run(AbstractRemoteTestNG.java:115)
	at org.testng.remote.RemoteTestNG.initAndRun(RemoteTestNG.java:251)
	at org.testng.remote.RemoteTestNG.main(RemoteTestNG.java:77)
]]>
    </error>
  </testcase> <!-- setUp -->
</testsuite> <!-- com.experitest.auto.AndroidDemoTest -->
